E:\VISUAL STUDIO 2012 PROJECTS\DUILIB\DEBUG\DUILIB_D.PCH
E:\VISUAL STUDIO 2012 PROJECTS\DUILIB\DEBUG\STDAFX.OBJ
E:\VISUAL STUDIO 2012 PROJECTS\DUILIB\DEBUG\VC110.PDB
E:\VISUAL STUDIO 2012 PROJECTS\DUILIB\DEBUG\UITABLAYOUT.OBJ
E:\VISUAL STUDIO 2012 PROJECTS\DUILIB\DEBUG\UITILELAYOUT.OBJ
E:\VISUAL STUDIO 2012 PROJECTS\DUILIB\DEBUG\UIVERTICALLAYOUT.OBJ
E:\VISUAL STUDIO 2012 PROJECTS\DUILIB\DEBUG\UIACTIVEX.OBJ
E:\VISUAL STUDIO 2012 PROJECTS\DUILIB\DEBUG\UIBUTTON.OBJ
E:\VISUAL STUDIO 2012 PROJECTS\DUILIB\DEBUG\UICOMBO.OBJ
E:\VISUAL STUDIO 2012 PROJECTS\DUILIB\DEBUG\UICOMBOBOX.OBJ
E:\VISUAL STUDIO 2012 PROJECTS\DUILIB\DEBUG\UIDATETIME.OBJ
E:\VISUAL STUDIO 2012 PROJECTS\DUILIB\DEBUG\UIEDIT.OBJ
E:\VISUAL STUDIO 2012 PROJECTS\DUILIB\DEBUG\UIFLASH.OBJ
E:\VISUAL STUDIO 2012 PROJECTS\DUILIB\DEBUG\UILABEL.OBJ
E:\VISUAL STUDIO 2012 PROJECTS\DUILIB\DEBUG\UILIST.OBJ
E:\VISUAL STUDIO 2012 PROJECTS\DUILIB\DEBUG\UIOPTION.OBJ
E:\VISUAL STUDIO 2012 PROJECTS\DUILIB\DEBUG\UIPROGRESS.OBJ
E:\VISUAL STUDIO 2012 PROJECTS\DUILIB\DEBUG\UIRICHEDIT.OBJ
E:\VISUAL STUDIO 2012 PROJECTS\DUILIB\DEBUG\UISCROLLBAR.OBJ
E:\VISUAL STUDIO 2012 PROJECTS\DUILIB\DEBUG\UISLIDER.OBJ
E:\VISUAL STUDIO 2012 PROJECTS\DUILIB\DEBUG\UITEXT.OBJ
E:\VISUAL STUDIO 2012 PROJECTS\DUILIB\DEBUG\UITREEVIEW.OBJ
E:\VISUAL STUDIO 2012 PROJECTS\DUILIB\DEBUG\UIWEBBROWSER.OBJ
E:\VISUAL STUDIO 2012 PROJECTS\DUILIB\DEBUG\CONTROLFACTORY.OBJ
E:\VISUAL STUDIO 2012 PROJECTS\DUILIB\DEBUG\UIRESOURCEMANAGER.OBJ
E:\VISUAL STUDIO 2012 PROJECTS\DUILIB\DEBUG\UIANIMATIONTABLAYOUT.OBJ
E:\VISUAL STUDIO 2012 PROJECTS\DUILIB\DEBUG\UILIB.OBJ
E:\VISUAL STUDIO 2012 PROJECTS\DUILIB\DEBUG\DPI.OBJ
E:\VISUAL STUDIO 2012 PROJECTS\DUILIB\DEBUG\DRAGDROPIMPL.OBJ
E:\VISUAL STUDIO 2012 PROJECTS\DUILIB\DEBUG\TRAYICON.OBJ
E:\VISUAL STUDIO 2012 PROJECTS\DUILIB\DEBUG\UISHADOW.OBJ
E:\VISUAL STUDIO 2012 PROJECTS\DUILIB\DEBUG\WINIMPLBASE.OBJ
E:\VISUAL STUDIO 2012 PROJECTS\DUILIB\DEBUG\UIDELEGATE.OBJ
E:\VISUAL STUDIO 2012 PROJECTS\DUILIB\DEBUG\UTILS.OBJ
E:\VISUAL STUDIO 2012 PROJECTS\DUILIB\DEBUG\UIBASE.OBJ
E:\VISUAL STUDIO 2012 PROJECTS\DUILIB\DEBUG\UICONTAINER.OBJ
E:\VISUAL STUDIO 2012 PROJECTS\DUILIB\DEBUG\UICONTROL.OBJ
E:\VISUAL STUDIO 2012 PROJECTS\DUILIB\DEBUG\UIDLGBUILDER.OBJ
E:\VISUAL STUDIO 2012 PROJECTS\DUILIB\DEBUG\UIMANAGER.OBJ
E:\VISUAL STUDIO 2012 PROJECTS\DUILIB\DEBUG\UIMARKUP.OBJ
E:\VISUAL STUDIO 2012 PROJECTS\DUILIB\DEBUG\UIRENDER.OBJ
E:\VISUAL STUDIO 2012 PROJECTS\DUILIB\DEBUG\UICHILDLAYOUT.OBJ
E:\VISUAL STUDIO 2012 PROJECTS\DUILIB\DEBUG\UIHORIZONTALLAYOUT.OBJ
E:\VISUAL STUDIO 2012 PROJECTS\DUILIB\DEBUG\UIROLLTEXT.OBJ
E:\VISUAL STUDIO 2012 PROJECTS\DUILIB\DEBUG\UIANIMATION.OBJ
E:\VISUAL STUDIO 2012 PROJECTS\DUILIB\DEBUG\UICOLORPALETTE.OBJ
E:\VISUAL STUDIO 2012 PROJECTS\DUILIB\DEBUG\UIFADEBUTTON.OBJ
E:\VISUAL STUDIO 2012 PROJECTS\DUILIB\DEBUG\UIGIFANIM.OBJ
E:\VISUAL STUDIO 2012 PROJECTS\DUILIB\DEBUG\UIGIFANIMEX.OBJ
E:\VISUAL STUDIO 2012 PROJECTS\DUILIB\DEBUG\UIGROUPBOX.OBJ
E:\VISUAL STUDIO 2012 PROJECTS\DUILIB\DEBUG\UIHOTKEY.OBJ
E:\VISUAL STUDIO 2012 PROJECTS\DUILIB\DEBUG\UIIPADDRESS.OBJ
E:\VISUAL STUDIO 2012 PROJECTS\DUILIB\DEBUG\UILISTEX.OBJ
E:\VISUAL STUDIO 2012 PROJECTS\DUILIB\DEBUG\UIMENU.OBJ
E:\VISUAL STUDIO 2012 PROJECTS\DUILIB\DEBUG\XUNZIP.OBJ
E:\VISUAL STUDIO 2012 PROJECTS\DUILIB\BIN\DUILIB_D.LIB
E:\visual studio 2012 Projects\DuiLib\Debug\ControlFactory.obj
E:\visual studio 2012 Projects\DuiLib\Debug\DPI.obj
E:\visual studio 2012 Projects\DuiLib\Debug\DragDropImpl.obj
E:\visual studio 2012 Projects\DuiLib\Debug\StdAfx.obj
E:\visual studio 2012 Projects\DuiLib\Debug\TrayIcon.obj
E:\visual studio 2012 Projects\DuiLib\Debug\UIActiveX.obj
E:\visual studio 2012 Projects\DuiLib\Debug\UIAnimation.obj
E:\visual studio 2012 Projects\DuiLib\Debug\UIAnimationTabLayout.obj
E:\visual studio 2012 Projects\DuiLib\Debug\UIBase.obj
E:\visual studio 2012 Projects\DuiLib\Debug\UIButton.obj
E:\visual studio 2012 Projects\DuiLib\Debug\UIChildLayout.obj
E:\visual studio 2012 Projects\DuiLib\Debug\UIColorPalette.obj
E:\visual studio 2012 Projects\DuiLib\Debug\UICombo.obj
E:\visual studio 2012 Projects\DuiLib\Debug\UIComboBox.obj
E:\visual studio 2012 Projects\DuiLib\Debug\UIContainer.obj
E:\visual studio 2012 Projects\DuiLib\Debug\UIControl.obj
E:\visual studio 2012 Projects\DuiLib\Debug\UIDateTime.obj
E:\visual studio 2012 Projects\DuiLib\Debug\UIDelegate.obj
E:\visual studio 2012 Projects\DuiLib\Debug\UIDlgBuilder.obj
E:\visual studio 2012 Projects\DuiLib\Debug\UIEdit.obj
E:\visual studio 2012 Projects\DuiLib\Debug\UIFadeButton.obj
E:\visual studio 2012 Projects\DuiLib\Debug\UIFlash.obj
E:\visual studio 2012 Projects\DuiLib\Debug\UIGifAnim.obj
E:\visual studio 2012 Projects\DuiLib\Debug\UIGifAnimEx.obj
E:\visual studio 2012 Projects\DuiLib\Debug\UIGroupBox.obj
E:\visual studio 2012 Projects\DuiLib\Debug\UIHorizontalLayout.obj
E:\visual studio 2012 Projects\DuiLib\Debug\UIHotKey.obj
E:\visual studio 2012 Projects\DuiLib\Debug\UIIPAddress.obj
E:\visual studio 2012 Projects\DuiLib\Debug\UILabel.obj
E:\visual studio 2012 Projects\DuiLib\Debug\UIlib.obj
E:\visual studio 2012 Projects\DuiLib\Debug\UIList.obj
E:\visual studio 2012 Projects\DuiLib\Debug\UIListEx.obj
E:\visual studio 2012 Projects\DuiLib\Debug\UIManager.obj
E:\visual studio 2012 Projects\DuiLib\Debug\UIMarkup.obj
E:\visual studio 2012 Projects\DuiLib\Debug\UIMenu.obj
E:\visual studio 2012 Projects\DuiLib\Debug\UIOption.obj
E:\visual studio 2012 Projects\DuiLib\Debug\UIProgress.obj
E:\visual studio 2012 Projects\DuiLib\Debug\UIRender.obj
E:\visual studio 2012 Projects\DuiLib\Debug\UIResourceManager.obj
E:\visual studio 2012 Projects\DuiLib\Debug\UIRichEdit.obj
E:\visual studio 2012 Projects\DuiLib\Debug\UIRollText.obj
E:\visual studio 2012 Projects\DuiLib\Debug\UIScrollBar.obj
E:\visual studio 2012 Projects\DuiLib\Debug\UIShadow.obj
E:\visual studio 2012 Projects\DuiLib\Debug\UISlider.obj
E:\visual studio 2012 Projects\DuiLib\Debug\UITabLayout.obj
E:\visual studio 2012 Projects\DuiLib\Debug\UIText.obj
E:\visual studio 2012 Projects\DuiLib\Debug\UITileLayout.obj
E:\visual studio 2012 Projects\DuiLib\Debug\UITreeView.obj
E:\visual studio 2012 Projects\DuiLib\Debug\UIVerticalLayout.obj
E:\visual studio 2012 Projects\DuiLib\Debug\UIWebBrowser.obj
E:\visual studio 2012 Projects\DuiLib\Debug\Utils.obj
E:\visual studio 2012 Projects\DuiLib\Debug\WinImplBase.obj
E:\visual studio 2012 Projects\DuiLib\Debug\XUnzip.obj
E:\visual studio 2012 Projects\DuiLib\Debug\cl.command.1.tlog
E:\visual studio 2012 Projects\DuiLib\Debug\CL.read.1.tlog
E:\visual studio 2012 Projects\DuiLib\Debug\CL.write.1.tlog
E:\visual studio 2012 Projects\DuiLib\Debug\Lib-link.read.1.tlog
E:\visual studio 2012 Projects\DuiLib\Debug\Lib-link.write.1.tlog
E:\visual studio 2012 Projects\DuiLib\Debug\lib.command.1.tlog
E:\visual studio 2012 Projects\DuiLib\Debug\DuiLib_d.pch
E:\visual studio 2012 Projects\DuiLib\Debug\vc110.idb
E:\visual studio 2012 Projects\DuiLib\Debug\vc110.pdb
E:\visual studio 2012 Projects\DuiLib\Bin\DuiLib_d.lib
