生成启动时间为 2019/6/16 16:17:05。
     1>项目“E:\Github Projects\duilib_xiaonaiquan\DuiLib.vcxproj”在节点 2 上(Build 个目标)。
     1>ClCompile:
         D:\Visual Studio\VC\bin\CL.exe /c /Zi /nologo /W3 /WX- /Od /Oy- /D WIN32 /D _DEBUG /D _WINDOWS /D UILIB_EXPORTS /D _VC80_UPGRADE=0x0600 /D _USING_V110_SDK71_ /D _UNICODE /D UNICODE /Gm /EHsc /RTC1 /MTd /GS /fp:precise /Zc:wchar_t /Zc:forScope /Yu"stdafx.h" /Fp"Debug\DuiLib_d.pch" /Fo"Debug\\" /Fd"Debug\vc120.pdb" /Gd /TP /analyze- /errorReport:prompt Control\UIGifAnimEx.cpp
         UIGifAnimEx.cpp
         D:\Visual Studio\VC\bin\CL.exe /c /Zi /nologo /W3 /WX- /Od /Oy- /D WIN32 /D _DEBUG /D _WINDOWS /D UILIB_EXPORTS /D _VC80_UPGRADE=0x0600 /D _USING_V110_SDK71_ /D _UNICODE /D UNICODE /Gm /EHsc /RTC1 /MTd /GS /fp:precise /Zc:wchar_t /Zc:forScope /Fo"Debug\\" /Fd"Debug\vc120.pdb" /Gd /TP /analyze- /errorReport:prompt Utils\XUnzip.cpp
         XUnzip.cpp
       Lib:
         D:\Visual Studio\VC\bin\Lib.exe /OUT:"E:\Github Projects\duilib_xiaonaiquan\Bin\DuiLib_d.lib" /NOLOGO Debug\UIRollText.obj
         Debug\UIAnimation.obj
         Debug\UIColorPalette.obj
         Debug\UIFadeButton.obj
         Debug\UIGifAnim.obj
         Debug\UIGifAnimEx.obj
         Debug\UIGroupBox.obj
         Debug\UIHotKey.obj
         Debug\UIIPAddress.obj
         Debug\UIListEx.obj
         Debug\UIMenu.obj
         Debug\UIRotateImage.obj
         Debug\ControlFactory.obj
         Debug\UIResourceManager.obj
         Debug\UIAnimationTabLayout.obj
         Debug\StdAfx.obj
         Debug\UIlib.obj
         Debug\DPI.obj
         Debug\DragDropImpl.obj
         Debug\TrayIcon.obj
         Debug\UIShadow.obj
         Debug\WinImplBase.obj
         Debug\UIDelegate.obj
         Debug\Utils.obj
         Debug\XUnzip.obj
         Debug\UIBase.obj
         Debug\UIContainer.obj
         Debug\UIControl.obj
         Debug\UIDlgBuilder.obj
         Debug\UIManager.obj
         Debug\UIMarkup.obj
         Debug\UIRender.obj
         Debug\UIChildLayout.obj
         Debug\UIHorizontalLayout.obj
         Debug\UITabLayout.obj
         Debug\UITileLayout.obj
         Debug\UIVerticalLayout.obj
         Debug\UIActiveX.obj
         Debug\UIButton.obj
         Debug\UICombo.obj
         Debug\UIComboBox.obj
         Debug\UIDateTime.obj
         Debug\UIEdit.obj
         Debug\UIFlash.obj
         Debug\UILabel.obj
         Debug\UIList.obj
         Debug\UIOption.obj
         Debug\UIProgress.obj
         Debug\UIRichEdit.obj
         Debug\UIScrollBar.obj
         Debug\UISlider.obj
         Debug\UIText.obj
         Debug\UITreeView.obj
         Debug\UIWebBrowser.obj
         DuiLib.vcxproj -> E:\Github Projects\duilib_xiaonaiquan\Bin\DuiLib_d.lib
     1>已完成生成项目“E:\Github Projects\duilib_xiaonaiquan\DuiLib.vcxproj”(Build 个目标)的操作。

生成成功。

已用时间 00:00:01.15
