生成启动时间为 2017/7/25 11:31:04。
     1>项目“E:\Projects\GameBox\DuiLib\DuiLib.vcxproj”在节点 2 上(Rebuild 个目标)。
     1>ClCompile:
         D:\SoftWare\Microsoft Visual Studio 12.0\VC\bin\CL.exe /c /Zi /nologo /W3 /WX- /O1 /Ob1 /Oy- /D WIN32 /D NDEBUG /D _WINDOWS /D UILIB_EXPORTS /D _VC80_UPGRADE=0x0600 /D _USING_V110_SDK71_ /D _UNICODE /D UNICODE /GF /Gm- /EHsc /MTd /GS /Gy /fp:precise /Zc:wchar_t /Zc:forScope /Yc"stdafx.h" /Fp"Release\DuiLib.pch" /Fo"Release\\" /Fd"Release\vc120.pdb" /Gd /TP /analyze- /errorReport:prompt StdAfx.cpp
         StdAfx.cpp
         D:\SoftWare\Microsoft Visual Studio 12.0\VC\bin\CL.exe /c /Zi /nologo /W3 /WX- /O1 /Ob1 /Oy- /D WIN32 /D NDEBUG /D _WINDOWS /D UILIB_EXPORTS /D _VC80_UPGRADE=0x0600 /D _USING_V110_SDK71_ /D _UNICODE /D UNICODE /GF /Gm- /EHsc /MTd /GS /Gy /fp:precise /Zc:wchar_t /Zc:forScope /Yu"stdafx.h" /Fp"Release\DuiLib.pch" /Fo"Release\\" /Fd"Release\vc120.pdb" /Gd /TP /analyze- /errorReport:prompt Control\UIRollText.cpp Control\UIAnimation.cpp Control\UIColorPalette.cpp Control\UIFadeButton.cpp Control\UIGifAnim.cpp Control\UIGifAnimEx.cpp Control\UIGroupBox.cpp Control\UIHotKey.cpp Control\UIIPAddress.cpp Control\UIListEx.cpp Control\UIMenu.cpp Core\ControlFactory.cpp Core\UIResourceManager.cpp Layout\UIAnimationTabLayout.cpp UIlib.cpp Utils\DPI.cpp Utils\DragDropImpl.cpp Utils\TrayIcon.cpp Utils\UIShadow.cpp Utils\WinImplBase.cpp Utils\UIDelegate.cpp Utils\Utils.cpp Core\UIBase.cpp Core\UIContainer.cpp Core\UIControl.cpp Core\UIDlgBuilder.cpp Core\UIManager.cpp Core\UIMarkup.cpp Core\UIRender.cpp Layout\UIChildLayout.cpp Layout\UIHorizontalLayout.cpp Layout\UITabLayout.cpp Layout\UITileLayout.cpp Layout\UIVerticalLayout.cpp Control\UIActiveX.cpp Control\UIButton.cpp Control\UICombo.cpp Control\UIComboBox.cpp Control\UIDateTime.cpp Control\UIEdit.cpp Control\UIFlash.cpp Control\UILabel.cpp Control\UIList.cpp Control\UIOption.cpp Control\UIProgress.cpp Control\UIRichEdit.cpp Control\UIScrollBar.cpp Control\UISlider.cpp Control\UIText.cpp Control\UITreeView.cpp Control\UIWebBrowser.cpp
         UIRollText.cpp
         UIAnimation.cpp
         UIColorPalette.cpp
         UIFadeButton.cpp
         UIGifAnim.cpp
         UIGifAnimEx.cpp
         UIGroupBox.cpp
         UIHotKey.cpp
         UIIPAddress.cpp
         UIListEx.cpp
         UIMenu.cpp
         ControlFactory.cpp
         UIResourceManager.cpp
         UIAnimationTabLayout.cpp
         UIlib.cpp
         DPI.cpp
         DragDropImpl.cpp
         TrayIcon.cpp
         UIShadow.cpp
         WinImplBase.cpp
         正在生成代码...
         正在编译...
         UIDelegate.cpp
         Utils.cpp
         UIBase.cpp
         UIContainer.cpp
         UIControl.cpp
         UIDlgBuilder.cpp
         UIManager.cpp
         UIMarkup.cpp
         UIRender.cpp
         UIChildLayout.cpp
         UIHorizontalLayout.cpp
         UITabLayout.cpp
         UITileLayout.cpp
         UIVerticalLayout.cpp
         UIActiveX.cpp
         UIButton.cpp
         UICombo.cpp
         UIComboBox.cpp
         UIDateTime.cpp
         UIEdit.cpp
         正在生成代码...
         正在编译...
         UIFlash.cpp
         UILabel.cpp
         UIList.cpp
         UIOption.cpp
         UIProgress.cpp
         UIRichEdit.cpp
         UIScrollBar.cpp
         UISlider.cpp
         UIText.cpp
         UITreeView.cpp
         UIWebBrowser.cpp
         正在生成代码...
         D:\SoftWare\Microsoft Visual Studio 12.0\VC\bin\CL.exe /c /Zi /nologo /W3 /WX- /O1 /Ob1 /Oy- /D WIN32 /D NDEBUG /D _WINDOWS /D UILIB_EXPORTS /D _VC80_UPGRADE=0x0600 /D _USING_V110_SDK71_ /D _UNICODE /D UNICODE /GF /Gm- /EHsc /MTd /GS /Gy /fp:precise /Zc:wchar_t /Zc:forScope /Fo"Release\\" /Fd"Release\vc120.pdb" /Gd /TP /analyze- /errorReport:prompt Utils\XUnzip.cpp
         XUnzip.cpp
       Lib:
         D:\SoftWare\Microsoft Visual Studio 12.0\VC\bin\Lib.exe /OUT:"E:\Projects\GameBox\Bin\DuiLib.lib" /NOLOGO Release\UIRollText.obj
         Release\UIAnimation.obj
         Release\UIColorPalette.obj
         Release\UIFadeButton.obj
         Release\UIGifAnim.obj
         Release\UIGifAnimEx.obj
         Release\UIGroupBox.obj
         Release\UIHotKey.obj
         Release\UIIPAddress.obj
         Release\UIListEx.obj
         Release\UIMenu.obj
         Release\ControlFactory.obj
         Release\UIResourceManager.obj
         Release\UIAnimationTabLayout.obj
         Release\StdAfx.obj
         Release\UIlib.obj
         Release\DPI.obj
         Release\DragDropImpl.obj
         Release\TrayIcon.obj
         Release\UIShadow.obj
         Release\WinImplBase.obj
         Release\UIDelegate.obj
         Release\Utils.obj
         Release\XUnzip.obj
         Release\UIBase.obj
         Release\UIContainer.obj
         Release\UIControl.obj
         Release\UIDlgBuilder.obj
         Release\UIManager.obj
         Release\UIMarkup.obj
         Release\UIRender.obj
         Release\UIChildLayout.obj
         Release\UIHorizontalLayout.obj
         Release\UITabLayout.obj
         Release\UITileLayout.obj
         Release\UIVerticalLayout.obj
         Release\UIActiveX.obj
         Release\UIButton.obj
         Release\UICombo.obj
         Release\UIComboBox.obj
         Release\UIDateTime.obj
         Release\UIEdit.obj
         Release\UIFlash.obj
         Release\UILabel.obj
         Release\UIList.obj
         Release\UIOption.obj
         Release\UIProgress.obj
         Release\UIRichEdit.obj
         Release\UIScrollBar.obj
         Release\UISlider.obj
         Release\UIText.obj
         Release\UITreeView.obj
         Release\UIWebBrowser.obj
         DuiLib.vcxproj -> E:\Projects\GameBox\Bin\DuiLib.lib
     1>已完成生成项目“E:\Projects\GameBox\DuiLib\DuiLib.vcxproj”(Rebuild 个目标)的操作。

生成成功。

已用时间 00:00:04.13
